<?xml version="1.0" encoding="UTF-8"?>
<!-- Generated by org.testng.reporters.JUnitXMLReporter -->
<testsuite hostname="wittyfeed-Vostro-3558" ignored="0" name="Default test" tests="33" failures="1" timestamp="18 Dec 2018 06:54:19 GMT" time="121.393" errors="0">
  <testcase name="ClickHamburgerMenu" time="8.648" classname="test.WittyFeedCatagoiesTestCasesTest"/>
  <testcase name="CheckNewsCata" time="1.075" classname="test.WittyFeedCatagoiesTestCasesTest"/>
  <testcase name="CheckNewsSubCata" time="1.057" classname="test.WittyFeedCatagoiesTestCasesTest"/>
  <testcase name="CheckLifeStyleCata" time="1.064" classname="test.WittyFeedCatagoiesTestCasesTest"/>
  <testcase name="CheckLifeStyleSubCata" time="1.059" classname="test.WittyFeedCatagoiesTestCasesTest"/>
  <testcase name="CheckEntertainmentCata" time="1.058" classname="test.WittyFeedCatagoiesTestCasesTest"/>
  <testcase name="CheckEntertainmentSubCata" time="1.036" classname="test.WittyFeedCatagoiesTestCasesTest"/>
  <testcase name="CheckOpinionoLink" time="1.059" classname="test.WittyFeedCatagoiesTestCasesTest"/>
  <testcase name="CheckIndiaKaPulseLink" time="1.051" classname="test.WittyFeedCatagoiesTestCasesTest"/>
  <testcase name="CheckSocialImpactLink" time="1.054" classname="test.WittyFeedCatagoiesTestCasesTest"/>
  <testcase name="CheckGirlingLink" time="1.051" classname="test.WittyFeedCatagoiesTestCasesTest"/>
  <testcase name="CheckVideosLink" time="1.054" classname="test.WittyFeedCatagoiesTestCasesTest"/>
  <testcase name="CheckQuizLink" time="1.044" classname="test.WittyFeedCatagoiesTestCasesTest"/>
  <testcase name="CheckNewsPage" time="5.334" classname="test.WittyFeedCatagoiesTestCasesTest"/>
  <testcase name="CheckPoliticsPage" time="6.204" classname="test.WittyFeedCatagoiesTestCasesTest"/>
  <testcase name="CheckSocialPage" time="6.56" classname="test.WittyFeedCatagoiesTestCasesTest"/>
  <testcase name="CheckTrendingPage" time="4.443" classname="test.WittyFeedCatagoiesTestCasesTest"/>
  <testcase name="CheckLifeStylePage" time="4.266" classname="test.WittyFeedCatagoiesTestCasesTest"/>
  <testcase name="CheckHealthPage" time="4.723" classname="test.WittyFeedCatagoiesTestCasesTest"/>
  <testcase name="CheckRelationshipPage" time="4.105" classname="test.WittyFeedCatagoiesTestCasesTest"/>
  <testcase name="CheckTravelPage" time="5.636" classname="test.WittyFeedCatagoiesTestCasesTest"/>
  <testcase name="CheckFashionPage" time="4.321" classname="test.WittyFeedCatagoiesTestCasesTest"/>
  <testcase name="CheckEntertainmentPage" time="4.42" classname="test.WittyFeedCatagoiesTestCasesTest"/>
  <testcase name="CheckBollywoodPage" time="11.057" classname="test.WittyFeedCatagoiesTestCasesTest"/>
  <testcase name="CheckSocialCelebritiesPage" time="1.125" classname="test.WittyFeedCatagoiesTestCasesTest">
    <failure type="org.openqa.selenium.WebDriverException" message="unknown error: Element &amp;lt;a href=&amp;quot;entertainment/social-celebrities&amp;quot; class=&amp;quot;subcattext&amp;quot;&amp;gt;...&amp;lt;/a&amp;gt; is not clickable at point (155, 202). Other element would receive the click: &amp;lt;div id=&amp;quot;onesignal-popover-container&amp;quot; class=&amp;quot;onesignal-popover-container onesignal-reset slide-down&amp;quot;&amp;gt;...&amp;lt;/div&amp;gt;
  (Session info: chrome=71.0.3578.80)
  (Driver info: chromedriver=2.43.600233 (523efee95e3d68b8719b3a1c83051aa63aa6b10d),platform=Linux 4.4.0-131-generic x86_64) (WARNING: The server did not provide any stacktrace information)
Command duration or timeout: 0 milliseconds
Build info: version: &amp;apos;3.5.3&amp;apos;, revision: &amp;apos;a88d25fe6b&amp;apos;, time: &amp;apos;2017-08-29T12:42:44.417Z&amp;apos;
System info: host: &amp;apos;wittyfeed-Vostro-3558&amp;apos;, ip: &amp;apos;127.0.1.1&amp;apos;, os.name: &amp;apos;Linux&amp;apos;, os.arch: &amp;apos;amd64&amp;apos;, os.version: &amp;apos;4.4.0-131-generic&amp;apos;, java.version: &amp;apos;1.8.0_191&amp;apos;
Driver info: org.openqa.selenium.chrome.ChromeDriver
Capabilities [{mobileEmulationEnabled=false, hasTouchScreen=false, platform=LINUX, acceptSslCerts=false, goog:chromeOptions={debuggerAddress=localhost:45885}, acceptInsecureCerts=false, webStorageEnabled=true, browserName=chrome, takesScreenshot=true, javascriptEnabled=true, platformName=LINUX, setWindowRect=true, unexpectedAlertBehaviour=, applicationCacheEnabled=false, rotatable=false, networkConnectionEnabled=false, chrome={chromedriverVersion=2.43.600233 (523efee95e3d68b8719b3a1c83051aa63aa6b10d), userDataDir=/tmp/.org.chromium.Chromium.NwD09P}, takesHeapSnapshot=true, unhandledPromptBehavior=, pageLoadStrategy=normal, databaseEnabled=false, handlesAlerts=true, version=71.0.3578.80, browserConnectionEnabled=false, nativeEvents=true, locationContextEnabled=true, cssSelectorsEnabled=true}]
Session ID: 9816b34bbf3d5849cf02e712f21d78f9">
      <![CDATA[org.openqa.selenium.WebDriverException: unknown error: Element <a href="entertainment/social-celebrities" class="subcattext">...</a> is not clickable at point (155, 202). Other element would receive the click: <div id="onesignal-popover-container" class="onesignal-popover-container onesignal-reset slide-down">...</div>
  (Session info: chrome=71.0.3578.80)
  (Driver info: chromedriver=2.43.600233 (523efee95e3d68b8719b3a1c83051aa63aa6b10d),platform=Linux 4.4.0-131-generic x86_64) (WARNING: The server did not provide any stacktrace information)
Command duration or timeout: 0 milliseconds
Build info: version: '3.5.3', revision: 'a88d25fe6b', time: '2017-08-29T12:42:44.417Z'
System info: host: 'wittyfeed-Vostro-3558', ip: '127.0.1.1', os.name: 'Linux', os.arch: 'amd64', os.version: '4.4.0-131-generic', java.version: '1.8.0_191'
Driver info: org.openqa.selenium.chrome.ChromeDriver
Capabilities [{mobileEmulationEnabled=false, hasTouchScreen=false, platform=LINUX, acceptSslCerts=false, goog:chromeOptions={debuggerAddress=localhost:45885}, acceptInsecureCerts=false, webStorageEnabled=true, browserName=chrome, takesScreenshot=true, javascriptEnabled=true, platformName=LINUX, setWindowRect=true, unexpectedAlertBehaviour=, applicationCacheEnabled=false, rotatable=false, networkConnectionEnabled=false, chrome={chromedriverVersion=2.43.600233 (523efee95e3d68b8719b3a1c83051aa63aa6b10d), userDataDir=/tmp/.org.chromium.Chromium.NwD09P}, takesHeapSnapshot=true, unhandledPromptBehavior=, pageLoadStrategy=normal, databaseEnabled=false, handlesAlerts=true, version=71.0.3578.80, browserConnectionEnabled=false, nativeEvents=true, locationContextEnabled=true, cssSelectorsEnabled=true}]
Session ID: 9816b34bbf3d5849cf02e712f21d78f9
at sun.reflect.NativeConstructorAccessorImpl.newInstance0(Native Method)
at sun.reflect.NativeConstructorAccessorImpl.newInstance(NativeConstructorAccessorImpl.java:62)
at sun.reflect.DelegatingConstructorAccessorImpl.newInstance(DelegatingConstructorAccessorImpl.java:45)
at java.lang.reflect.Constructor.newInstance(Constructor.java:423)
at org.openqa.selenium.remote.ErrorHandler.createThrowable(ErrorHandler.java:215)
at org.openqa.selenium.remote.ErrorHandler.throwIfResponseFailed(ErrorHandler.java:167)
at org.openqa.selenium.remote.http.JsonHttpResponseCodec.reconstructValue(JsonHttpResponseCodec.java:40)
at org.openqa.selenium.remote.http.AbstractHttpResponseCodec.decode(AbstractHttpResponseCodec.java:82)
at org.openqa.selenium.remote.http.AbstractHttpResponseCodec.decode(AbstractHttpResponseCodec.java:45)
at org.openqa.selenium.remote.HttpCommandExecutor.execute(HttpCommandExecutor.java:164)
at org.openqa.selenium.remote.service.DriverCommandExecutor.execute(DriverCommandExecutor.java:82)
at org.openqa.selenium.remote.RemoteWebDriver.execute(RemoteWebDriver.java:646)
at org.openqa.selenium.remote.RemoteWebElement.execute(RemoteWebElement.java:275)
at org.openqa.selenium.remote.RemoteWebElement.click(RemoteWebElement.java:82)
at UtilsOnFeed.WrapperGenericMethod.Click(WrapperGenericMethod.java:12)
at PagesOnWittyFeedTv.WittyFeedCatagoriesPage.SocialCelebrities(WittyFeedCatagoriesPage.java:380)
at test.WittyFeedCatagoiesTestCasesTest.CheckSocialCelebritiesPage(WittyFeedCatagoiesTestCasesTest.java:184)
at sun.reflect.NativeMethodAccessorImpl.invoke0(Native Method)
at sun.reflect.NativeMethodAccessorImpl.invoke(NativeMethodAccessorImpl.java:62)
at sun.reflect.DelegatingMethodAccessorImpl.invoke(DelegatingMethodAccessorImpl.java:43)
at java.lang.reflect.Method.invoke(Method.java:498)
at org.testng.internal.MethodInvocationHelper.invokeMethod(MethodInvocationHelper.java:124)
at org.testng.internal.Invoker.invokeMethod(Invoker.java:580)
at org.testng.internal.Invoker.invokeTestMethod(Invoker.java:716)
at org.testng.internal.Invoker.invokeTestMethods(Invoker.java:988)
at org.testng.internal.TestMethodWorker.invokeTestMethods(TestMethodWorker.java:125)
at org.testng.internal.TestMethodWorker.run(TestMethodWorker.java:109)
at org.testng.TestRunner.privateRun(TestRunner.java:648)
at org.testng.TestRunner.run(TestRunner.java:505)
at org.testng.SuiteRunner.runTest(SuiteRunner.java:455)
at org.testng.SuiteRunner.runSequentially(SuiteRunner.java:450)
at org.testng.SuiteRunner.privateRun(SuiteRunner.java:415)
at org.testng.SuiteRunner.run(SuiteRunner.java:364)
at org.testng.SuiteRunnerWorker.runSuite(SuiteRunnerWorker.java:52)
at org.testng.SuiteRunnerWorker.run(SuiteRunnerWorker.java:84)
at org.testng.TestNG.runSuitesSequentially(TestNG.java:1208)
at org.testng.TestNG.runSuitesLocally(TestNG.java:1137)
at org.testng.TestNG.runSuites(TestNG.java:1049)
at org.testng.TestNG.run(TestNG.java:1017)
at org.testng.remote.AbstractRemoteTestNG.run(AbstractRemoteTestNG.java:114)
at org.testng.remote.RemoteTestNG.initAndRun(RemoteTestNG.java:251)
at org.testng.remote.RemoteTestNG.main(RemoteTestNG.java:77)
]]>
    </failure>
  </testcase> <!-- CheckSocialCelebritiesPage -->
  <testcase name="CheckSportsPage" time="20.835" classname="test.WittyFeedCatagoiesTestCasesTest"/>
  <testcase name="CheckHollywoodPage" time="10.536" classname="test.WittyFeedCatagoiesTestCasesTest"/>
  <testcase name="CheckOpinionPage" time="1.076" classname="test.WittyFeedCatagoiesTestCasesTest"/>
  <testcase name="CheckIndiaKaPulsePage" time="1.054" classname="test.WittyFeedCatagoiesTestCasesTest"/>
  <testcase name="CheckSocialImpactPage" time="1.063" classname="test.WittyFeedCatagoiesTestCasesTest"/>
  <testcase name="CheckGirlingPage" time="1.05" classname="test.WittyFeedCatagoiesTestCasesTest"/>
  <testcase name="CheckVideosPage" time="1.051" classname="test.WittyFeedCatagoiesTestCasesTest"/>
  <testcase name="CheckQuizPage" time="1.049" classname="test.WittyFeedCatagoiesTestCasesTest"/>
</testsuite> <!-- Default test -->
